<?xml version="1.0" encoding="UTF-8"?>
<!-- Generated by org.testng.reporters.JUnitReportReporter -->
<testsuite hostname="DESKTOP-RNSAS36" failures="0" tests="1" name="com.mystore.testcases.AddToCartPageTest" time="38.159" errors="0" timestamp="2024-07-03T19:53:39 IST" skipped="0">
  <testcase classname="com.mystore.testcases.AddToCartPageTest" name="addToCartTest" time="38.159"/>
  <system-out/>
</testsuite> <!-- com.mystore.testcases.AddToCartPageTest -->
