<?xml version="1.0" encoding="UTF-8"?>
<!-- Generated by org.testng.reporters.JUnitReportReporter -->
<testsuite hostname="DESKTOP-RNSAS36" failures="0" tests="2" name="com.mystore.testcases.IndexPageTest" time="54.971" errors="0" timestamp="2024-07-03T19:53:39 IST" skipped="0">
  <testcase classname="com.mystore.testcases.IndexPageTest" name="verifyTitle" time="8.807"/>
  <system-out/>
  <testcase classname="com.mystore.testcases.IndexPageTest" name="verifyLogo" time="46.164"/>
  <system-out/>
</testsuite> <!-- com.mystore.testcases.IndexPageTest -->
