<?xml version="1.0" encoding="UTF-8"?>
<!-- Generated by org.testng.reporters.JUnitReportReporter -->
<testsuite hostname="DESKTOP-RNSAS36" failures="0" tests="1" name="com.mystore.testcases.SearchResultPageTest" time="22.903" errors="0" timestamp="2024-07-03T19:53:39 IST" skipped="0">
  <testcase classname="com.mystore.testcases.SearchResultPageTest" name="productAvailabilityTest" time="22.903"/>
  <system-out/>
</testsuite> <!-- com.mystore.testcases.SearchResultPageTest -->
