<?xml version="1.0" encoding="UTF-8"?>
<!-- Generated by org.testng.reporters.JUnitReportReporter -->
<testsuite hostname="DESKTOP-RNSAS36" failures="0" tests="1" name="com.mystore.testcases.EndToEndTest" time="56.628" errors="0" timestamp="2024-07-03T19:53:39 IST" skipped="0">
  <testcase classname="com.mystore.testcases.EndToEndTest" name="endToEndTest" time="56.628"/>
  <system-out/>
</testsuite> <!-- com.mystore.testcases.EndToEndTest -->
